0 info it worked if it ends with ok
1 verbose cli [ '/usr/local/Cellar/node/7.0.0/bin/node',
1 verbose cli   '/usr/local/bin/npm',
1 verbose cli   'install',
1 verbose cli   'color-thief' ]
2 info using npm@3.10.8
3 info using node@v7.0.0
4 verbose config Skipping project config: /Users/lian/.npmrc. (matches userconfig)
5 silly loadCurrentTree Starting
6 silly install loadCurrentTree
7 silly install readLocalPackageData
8 silly fetchPackageMetaData color-thief
9 silly fetchNamedPackageData color-thief
10 silly mapToRegistry name color-thief
11 silly mapToRegistry using default registry
12 silly mapToRegistry registry https://registry.npmjs.org/
13 silly mapToRegistry data Result {
13 silly mapToRegistry   raw: 'color-thief',
13 silly mapToRegistry   scope: null,
13 silly mapToRegistry   escapedName: 'color-thief',
13 silly mapToRegistry   name: 'color-thief',
13 silly mapToRegistry   rawSpec: '',
13 silly mapToRegistry   spec: 'latest',
13 silly mapToRegistry   type: 'tag' }
14 silly mapToRegistry uri https://registry.npmjs.org/color-thief
15 verbose request uri https://registry.npmjs.org/color-thief
16 verbose request no auth needed
17 info attempt registry request try #1 at 12:50:41 AM
18 verbose request id 8c82fe02944f1744
19 http request GET https://registry.npmjs.org/color-thief
20 http 200 https://registry.npmjs.org/color-thief
21 verbose headers { server: 'CouchDB/1.6.1 (Erlang OTP/R16B03)',
21 verbose headers   etag: '"6NTLBXR0VURDMFH03RSCEQFZI"',
21 verbose headers   'content-type': 'application/json',
21 verbose headers   'content-encoding': 'gzip',
21 verbose headers   'cache-control': 'max-age=300',
21 verbose headers   'content-length': '2144',
21 verbose headers   'accept-ranges': 'bytes',
21 verbose headers   date: 'Sun, 06 Nov 2016 04:50:41 GMT',
21 verbose headers   via: '1.1 varnish',
21 verbose headers   age: '0',
21 verbose headers   connection: 'keep-alive',
21 verbose headers   'x-served-by': 'cache-atl6245-ATL',
21 verbose headers   'x-cache': 'MISS',
21 verbose headers   'x-cache-hits': '0',
21 verbose headers   'x-timer': 'S1478407841.482481,VS0,VE92',
21 verbose headers   vary: 'Accept-Encoding' }
22 silly get cb [ 200,
22 silly get   { server: 'CouchDB/1.6.1 (Erlang OTP/R16B03)',
22 silly get     etag: '"6NTLBXR0VURDMFH03RSCEQFZI"',
22 silly get     'content-type': 'application/json',
22 silly get     'content-encoding': 'gzip',
22 silly get     'cache-control': 'max-age=300',
22 silly get     'content-length': '2144',
22 silly get     'accept-ranges': 'bytes',
22 silly get     date: 'Sun, 06 Nov 2016 04:50:41 GMT',
22 silly get     via: '1.1 varnish',
22 silly get     age: '0',
22 silly get     connection: 'keep-alive',
22 silly get     'x-served-by': 'cache-atl6245-ATL',
22 silly get     'x-cache': 'MISS',
22 silly get     'x-cache-hits': '0',
22 silly get     'x-timer': 'S1478407841.482481,VS0,VE92',
22 silly get     vary: 'Accept-Encoding' } ]
23 verbose get saving color-thief to /Users/lian/.npm/registry.npmjs.org/color-thief/.cache.json
24 verbose correctMkdir /Users/lian/.npm correctMkdir not in flight; initializing
25 silly install normalizeTree
26 silly loadCurrentTree Finishing
27 silly loadIdealTree Starting
28 silly install loadIdealTree
29 silly cloneCurrentTree Starting
30 silly install cloneCurrentTreeToIdealTree
31 silly cloneCurrentTree Finishing
32 silly loadShrinkwrap Starting
33 silly install loadShrinkwrap
34 silly loadShrinkwrap Finishing
35 silly loadAllDepsIntoIdealTree Starting
36 silly install loadAllDepsIntoIdealTree
37 silly resolveWithNewModule color-thief@2.2.2 checking installable status
38 silly cache add args [ 'color-thief', null ]
39 verbose cache add spec color-thief
40 silly cache add parsed spec Result {
40 silly cache add   raw: 'color-thief',
40 silly cache add   scope: null,
40 silly cache add   escapedName: 'color-thief',
40 silly cache add   name: 'color-thief',
40 silly cache add   rawSpec: '',
40 silly cache add   spec: 'latest',
40 silly cache add   type: 'tag' }
41 silly addNamed color-thief@latest
42 verbose addNamed "latest" is being treated as a dist-tag for color-thief
43 info addNameTag [ 'color-thief', 'latest' ]
44 silly mapToRegistry name color-thief
45 silly mapToRegistry using default registry
46 silly mapToRegistry registry https://registry.npmjs.org/
47 silly mapToRegistry data Result {
47 silly mapToRegistry   raw: 'color-thief',
47 silly mapToRegistry   scope: null,
47 silly mapToRegistry   escapedName: 'color-thief',
47 silly mapToRegistry   name: 'color-thief',
47 silly mapToRegistry   rawSpec: '',
47 silly mapToRegistry   spec: 'latest',
47 silly mapToRegistry   type: 'tag' }
48 silly mapToRegistry uri https://registry.npmjs.org/color-thief
49 verbose addNameTag registry:https://registry.npmjs.org/color-thief not in flight; fetching
50 verbose get https://registry.npmjs.org/color-thief not expired, no request
51 silly addNameTag next cb for color-thief with tag latest
52 silly addNamed color-thief@2.2.2
53 verbose addNamed "2.2.2" is a plain semver version for color-thief
54 silly mapToRegistry name color-thief
55 silly mapToRegistry using default registry
56 silly mapToRegistry registry https://registry.npmjs.org/
57 silly mapToRegistry data Result {
57 silly mapToRegistry   raw: 'color-thief',
57 silly mapToRegistry   scope: null,
57 silly mapToRegistry   escapedName: 'color-thief',
57 silly mapToRegistry   name: 'color-thief',
57 silly mapToRegistry   rawSpec: '',
57 silly mapToRegistry   spec: 'latest',
57 silly mapToRegistry   type: 'tag' }
58 silly mapToRegistry uri https://registry.npmjs.org/color-thief
59 verbose addRemoteTarball https://registry.npmjs.org/color-thief/-/color-thief-2.2.2.tgz not in flight; adding
60 verbose addRemoteTarball [ 'https://registry.npmjs.org/color-thief/-/color-thief-2.2.2.tgz',
60 verbose addRemoteTarball   '775e99a50f195b198f844b94b3f6c38deb1ca424' ]
61 info retry fetch attempt 1 at 12:50:41 AM
62 info attempt registry request try #1 at 12:50:41 AM
63 http fetch GET https://registry.npmjs.org/color-thief/-/color-thief-2.2.2.tgz
64 http fetch 200 https://registry.npmjs.org/color-thief/-/color-thief-2.2.2.tgz
65 silly fetchAndShaCheck shasum 775e99a50f195b198f844b94b3f6c38deb1ca424
66 verbose addTmpTarball /var/folders/w6/z_7p10bn4pg41vl3dsyzqcth0000gn/T/npm-36576-43ff3d20/registry.npmjs.org/color-thief/-/color-thief-2.2.2.tgz not in flight; adding
67 verbose addTmpTarball already have metadata; skipping unpack for color-thief@2.2.2
68 verbose correctMkdir /Users/lian/.npm correctMkdir not in flight; initializing
69 silly cache afterAdd color-thief@2.2.2
70 verbose afterAdd /Users/lian/.npm/color-thief/2.2.2/package/package.json not in flight; writing
71 verbose correctMkdir /Users/lian/.npm correctMkdir not in flight; initializing
72 verbose afterAdd /Users/lian/.npm/color-thief/2.2.2/package/package.json written
73 silly fetchNamedPackageData canvas
74 silly mapToRegistry name canvas
75 silly mapToRegistry using default registry
76 silly mapToRegistry registry https://registry.npmjs.org/
77 silly mapToRegistry data Result {
77 silly mapToRegistry   raw: 'canvas',
77 silly mapToRegistry   scope: null,
77 silly mapToRegistry   escapedName: 'canvas',
77 silly mapToRegistry   name: 'canvas',
77 silly mapToRegistry   rawSpec: '',
77 silly mapToRegistry   spec: 'latest',
77 silly mapToRegistry   type: 'tag' }
78 silly mapToRegistry uri https://registry.npmjs.org/canvas
79 verbose request uri https://registry.npmjs.org/canvas
80 verbose request no auth needed
81 info attempt registry request try #1 at 12:50:42 AM
82 http request GET https://registry.npmjs.org/canvas
83 http 200 https://registry.npmjs.org/canvas
84 verbose headers { server: 'CouchDB/1.5.0 (Erlang OTP/R16B03)',
84 verbose headers   etag: '"DYMFK658SGWX8OMZI6BIQ2XK3"',
84 verbose headers   'content-type': 'application/json',
84 verbose headers   'content-encoding': 'gzip',
84 verbose headers   'cache-control': 'max-age=300',
84 verbose headers   'content-length': '17873',
84 verbose headers   'accept-ranges': 'bytes',
84 verbose headers   date: 'Sun, 06 Nov 2016 04:50:42 GMT',
84 verbose headers   via: '1.1 varnish',
84 verbose headers   age: '0',
84 verbose headers   connection: 'keep-alive',
84 verbose headers   'x-served-by': 'cache-atl6245-ATL',
84 verbose headers   'x-cache': 'MISS',
84 verbose headers   'x-cache-hits': '0',
84 verbose headers   'x-timer': 'S1478407842.317967,VS0,VE53',
84 verbose headers   vary: 'Accept-Encoding' }
85 silly get cb [ 200,
85 silly get   { server: 'CouchDB/1.5.0 (Erlang OTP/R16B03)',
85 silly get     etag: '"DYMFK658SGWX8OMZI6BIQ2XK3"',
85 silly get     'content-type': 'application/json',
85 silly get     'content-encoding': 'gzip',
85 silly get     'cache-control': 'max-age=300',
85 silly get     'content-length': '17873',
85 silly get     'accept-ranges': 'bytes',
85 silly get     date: 'Sun, 06 Nov 2016 04:50:42 GMT',
85 silly get     via: '1.1 varnish',
85 silly get     age: '0',
85 silly get     connection: 'keep-alive',
85 silly get     'x-served-by': 'cache-atl6245-ATL',
85 silly get     'x-cache': 'MISS',
85 silly get     'x-cache-hits': '0',
85 silly get     'x-timer': 'S1478407842.317967,VS0,VE53',
85 silly get     vary: 'Accept-Encoding' } ]
86 verbose get saving canvas to /Users/lian/.npm/registry.npmjs.org/canvas/.cache.json
87 verbose correctMkdir /Users/lian/.npm correctMkdir not in flight; initializing
88 silly resolveWithNewModule canvas@1.2.11 checking installable status
89 silly cache add args [ 'canvas@~1.2.0', null ]
90 verbose cache add spec canvas@~1.2.0
91 silly cache add parsed spec Result {
91 silly cache add   raw: 'canvas@~1.2.0',
91 silly cache add   scope: null,
91 silly cache add   escapedName: 'canvas',
91 silly cache add   name: 'canvas',
91 silly cache add   rawSpec: '~1.2.0',
91 silly cache add   spec: '>=1.2.0 <1.3.0',
91 silly cache add   type: 'range' }
92 silly addNamed canvas@>=1.2.0 <1.3.0
93 verbose addNamed ">=1.2.0 <1.3.0" is a valid semver range for canvas
94 silly addNameRange { name: 'canvas', range: '>=1.2.0 <1.3.0', hasData: false }
95 silly mapToRegistry name canvas
96 silly mapToRegistry using default registry
97 silly mapToRegistry registry https://registry.npmjs.org/
98 silly mapToRegistry data Result {
98 silly mapToRegistry   raw: 'canvas',
98 silly mapToRegistry   scope: null,
98 silly mapToRegistry   escapedName: 'canvas',
98 silly mapToRegistry   name: 'canvas',
98 silly mapToRegistry   rawSpec: '',
98 silly mapToRegistry   spec: 'latest',
98 silly mapToRegistry   type: 'tag' }
99 silly mapToRegistry uri https://registry.npmjs.org/canvas
100 verbose addNameRange registry:https://registry.npmjs.org/canvas not in flight; fetching
101 verbose get https://registry.npmjs.org/canvas not expired, no request
102 silly addNameRange number 2 { name: 'canvas', range: '>=1.2.0 <1.3.0', hasData: true }
103 silly addNameRange versions [ 'canvas',
103 silly addNameRange   [ '0.0.1',
103 silly addNameRange     '0.0.2',
103 silly addNameRange     '0.0.3',
103 silly addNameRange     '0.0.4',
103 silly addNameRange     '0.0.5',
103 silly addNameRange     '0.0.6',
103 silly addNameRange     '0.0.7',
103 silly addNameRange     '0.0.8',
103 silly addNameRange     '0.1.0',
103 silly addNameRange     '0.2.0',
103 silly addNameRange     '0.2.1',
103 silly addNameRange     '0.3.0',
103 silly addNameRange     '0.3.1',
103 silly addNameRange     '0.3.2',
103 silly addNameRange     '0.3.3',
103 silly addNameRange     '0.4.0',
103 silly addNameRange     '0.4.1',
103 silly addNameRange     '0.4.2',
103 silly addNameRange     '0.4.3',
103 silly addNameRange     '0.5.0',
103 silly addNameRange     '0.5.1',
103 silly addNameRange     '0.5.2',
103 silly addNameRange     '0.5.3',
103 silly addNameRange     '0.5.4',
103 silly addNameRange     '0.6.0',
103 silly addNameRange     '0.7.0',
103 silly addNameRange     '0.7.1',
103 silly addNameRange     '0.7.2',
103 silly addNameRange     '0.7.3',
103 silly addNameRange     '0.8.0',
103 silly addNameRange     '0.8.1',
103 silly addNameRange     '0.8.2',
103 silly addNameRange     '0.8.3',
103 silly addNameRange     '0.9.0',
103 silly addNameRange     '0.10.0',
103 silly addNameRange     '0.10.1',
103 silly addNameRange     '0.10.2',
103 silly addNameRange     '0.10.3',
103 silly addNameRange     '0.11.0',
103 silly addNameRange     '0.11.1',
103 silly addNameRange     '0.11.2',
103 silly addNameRange     '0.11.3',
103 silly addNameRange     '0.12.0',
103 silly addNameRange     '0.12.1',
103 silly addNameRange     '0.13.0',
103 silly addNameRange     '0.13.1',
103 silly addNameRange     '1.0.0',
103 silly addNameRange     '1.0.1',
103 silly addNameRange     '1.0.2',
103 silly addNameRange     '1.0.3',
103 silly addNameRange     '1.0.4',
103 silly addNameRange     '1.1.0',
103 silly addNameRange     '1.1.1',
103 silly addNameRange     '1.1.2',
103 silly addNameRange     '1.1.3',
103 silly addNameRange     '1.1.4',
103 silly addNameRange     '1.1.5',
103 silly addNameRange     '1.1.6',
103 silly addNameRange     '1.2.0',
103 silly addNameRange     '1.2.1',
103 silly addNameRange     '1.2.2',
103 silly addNameRange     '1.2.3',
103 silly addNameRange     '1.2.4',
103 silly addNameRange     '1.2.5',
103 silly addNameRange     '1.2.6',
103 silly addNameRange     '1.2.7',
103 silly addNameRange     '1.2.8',
103 silly addNameRange     '1.2.9',
103 silly addNameRange     '1.2.10',
103 silly addNameRange     '1.2.11',
103 silly addNameRange     '1.3.0',
103 silly addNameRange     '1.3.1',
103 silly addNameRange     '1.3.2',
103 silly addNameRange     '1.3.3',
103 silly addNameRange     '1.3.4',
103 silly addNameRange     '1.3.5',
103 silly addNameRange     '1.3.6',
103 silly addNameRange     '1.3.7',
103 silly addNameRange     '1.3.8',
103 silly addNameRange     '1.3.9',
103 silly addNameRange     '1.3.10',
103 silly addNameRange     '1.3.11',
103 silly addNameRange     '1.3.12',
103 silly addNameRange     '1.3.13',
103 silly addNameRange     '1.3.14',
103 silly addNameRange     '1.3.15',
103 silly addNameRange     '1.3.16',
103 silly addNameRange     '1.4.0',
103 silly addNameRange     '1.5.0',
103 silly addNameRange     '1.6.0',
103 silly addNameRange     '1.6.1',
103 silly addNameRange     '1.6.2' ] ]
104 silly addNamed canvas@1.2.11
105 verbose addNamed "1.2.11" is a plain semver version for canvas
106 silly mapToRegistry name canvas
107 silly mapToRegistry using default registry
108 silly mapToRegistry registry https://registry.npmjs.org/
109 silly mapToRegistry data Result {
109 silly mapToRegistry   raw: 'canvas',
109 silly mapToRegistry   scope: null,
109 silly mapToRegistry   escapedName: 'canvas',
109 silly mapToRegistry   name: 'canvas',
109 silly mapToRegistry   rawSpec: '',
109 silly mapToRegistry   spec: 'latest',
109 silly mapToRegistry   type: 'tag' }
110 silly mapToRegistry uri https://registry.npmjs.org/canvas
111 verbose addRemoteTarball https://registry.npmjs.org/canvas/-/canvas-1.2.11.tgz not in flight; adding
112 verbose addRemoteTarball [ 'https://registry.npmjs.org/canvas/-/canvas-1.2.11.tgz',
112 verbose addRemoteTarball   'd12455864df5169c2a2be602fa8e0e4013a97140' ]
113 info retry fetch attempt 1 at 12:50:42 AM
114 info attempt registry request try #1 at 12:50:42 AM
115 http fetch GET https://registry.npmjs.org/canvas/-/canvas-1.2.11.tgz
116 http fetch 200 https://registry.npmjs.org/canvas/-/canvas-1.2.11.tgz
117 silly fetchAndShaCheck shasum d12455864df5169c2a2be602fa8e0e4013a97140
118 verbose addTmpTarball /var/folders/w6/z_7p10bn4pg41vl3dsyzqcth0000gn/T/npm-36576-43ff3d20/registry.npmjs.org/canvas/-/canvas-1.2.11.tgz not in flight; adding
119 verbose addTmpTarball already have metadata; skipping unpack for canvas@1.2.11
120 verbose correctMkdir /Users/lian/.npm correctMkdir not in flight; initializing
121 silly cache afterAdd canvas@1.2.11
122 verbose afterAdd /Users/lian/.npm/canvas/1.2.11/package/package.json not in flight; writing
123 verbose correctMkdir /Users/lian/.npm correctMkdir not in flight; initializing
124 verbose afterAdd /Users/lian/.npm/canvas/1.2.11/package/package.json written
125 silly fetchNamedPackageData nan
126 silly mapToRegistry name nan
127 silly mapToRegistry using default registry
128 silly mapToRegistry registry https://registry.npmjs.org/
129 silly mapToRegistry data Result {
129 silly mapToRegistry   raw: 'nan',
129 silly mapToRegistry   scope: null,
129 silly mapToRegistry   escapedName: 'nan',
129 silly mapToRegistry   name: 'nan',
129 silly mapToRegistry   rawSpec: '',
129 silly mapToRegistry   spec: 'latest',
129 silly mapToRegistry   type: 'tag' }
130 silly mapToRegistry uri https://registry.npmjs.org/nan
131 verbose request uri https://registry.npmjs.org/nan
132 verbose request no auth needed
133 info attempt registry request try #1 at 12:50:42 AM
134 http request GET https://registry.npmjs.org/nan
135 http 200 https://registry.npmjs.org/nan
136 verbose headers { server: 'CouchDB/1.6.1 (Erlang OTP/R16B03)',
136 verbose headers   etag: '"64LN9YQI6X4XTPFBYZLET8KF2"',
136 verbose headers   'content-type': 'application/json',
136 verbose headers   'content-encoding': 'gzip',
136 verbose headers   'cache-control': 'max-age=300',
136 verbose headers   'content-length': '17191',
136 verbose headers   'accept-ranges': 'bytes',
136 verbose headers   date: 'Sun, 06 Nov 2016 04:50:42 GMT',
136 verbose headers   via: '1.1 varnish',
136 verbose headers   age: '226',
136 verbose headers   connection: 'keep-alive',
136 verbose headers   'x-served-by': 'cache-atl6245-ATL',
136 verbose headers   'x-cache': 'HIT',
136 verbose headers   'x-cache-hits': '1',
136 verbose headers   'x-timer': 'S1478407842.745601,VS0,VE0',
136 verbose headers   vary: 'Accept-Encoding' }
137 silly get cb [ 200,
137 silly get   { server: 'CouchDB/1.6.1 (Erlang OTP/R16B03)',
137 silly get     etag: '"64LN9YQI6X4XTPFBYZLET8KF2"',
137 silly get     'content-type': 'application/json',
137 silly get     'content-encoding': 'gzip',
137 silly get     'cache-control': 'max-age=300',
137 silly get     'content-length': '17191',
137 silly get     'accept-ranges': 'bytes',
137 silly get     date: 'Sun, 06 Nov 2016 04:50:42 GMT',
137 silly get     via: '1.1 varnish',
137 silly get     age: '226',
137 silly get     connection: 'keep-alive',
137 silly get     'x-served-by': 'cache-atl6245-ATL',
137 silly get     'x-cache': 'HIT',
137 silly get     'x-cache-hits': '1',
137 silly get     'x-timer': 'S1478407842.745601,VS0,VE0',
137 silly get     vary: 'Accept-Encoding' } ]
138 verbose get saving nan to /Users/lian/.npm/registry.npmjs.org/nan/.cache.json
139 verbose correctMkdir /Users/lian/.npm correctMkdir not in flight; initializing
140 silly resolveWithNewModule nan@2.4.0 checking installable status
141 silly cache add args [ 'nan@^2.0.9', null ]
142 verbose cache add spec nan@^2.0.9
143 silly cache add parsed spec Result {
143 silly cache add   raw: 'nan@^2.0.9',
143 silly cache add   scope: null,
143 silly cache add   escapedName: 'nan',
143 silly cache add   name: 'nan',
143 silly cache add   rawSpec: '^2.0.9',
143 silly cache add   spec: '>=2.0.9 <3.0.0',
143 silly cache add   type: 'range' }
144 silly addNamed nan@>=2.0.9 <3.0.0
145 verbose addNamed ">=2.0.9 <3.0.0" is a valid semver range for nan
146 silly addNameRange { name: 'nan', range: '>=2.0.9 <3.0.0', hasData: false }
147 silly mapToRegistry name nan
148 silly mapToRegistry using default registry
149 silly mapToRegistry registry https://registry.npmjs.org/
150 silly mapToRegistry data Result {
150 silly mapToRegistry   raw: 'nan',
150 silly mapToRegistry   scope: null,
150 silly mapToRegistry   escapedName: 'nan',
150 silly mapToRegistry   name: 'nan',
150 silly mapToRegistry   rawSpec: '',
150 silly mapToRegistry   spec: 'latest',
150 silly mapToRegistry   type: 'tag' }
151 silly mapToRegistry uri https://registry.npmjs.org/nan
152 verbose addNameRange registry:https://registry.npmjs.org/nan not in flight; fetching
153 verbose get https://registry.npmjs.org/nan not expired, no request
154 silly addNameRange number 2 { name: 'nan', range: '>=2.0.9 <3.0.0', hasData: true }
155 silly addNameRange versions [ 'nan',
155 silly addNameRange   [ '0.3.0-wip',
155 silly addNameRange     '0.3.0-wip2',
155 silly addNameRange     '0.3.0',
155 silly addNameRange     '0.3.1',
155 silly addNameRange     '0.3.2',
155 silly addNameRange     '0.4.0',
155 silly addNameRange     '0.4.1',
155 silly addNameRange     '0.4.2',
155 silly addNameRange     '0.4.3',
155 silly addNameRange     '0.4.4',
155 silly addNameRange     '0.5.0',
155 silly addNameRange     '0.5.1',
155 silly addNameRange     '0.5.2',
155 silly addNameRange     '0.6.0',
155 silly addNameRange     '0.7.0',
155 silly addNameRange     '0.7.1',
155 silly addNameRange     '0.8.0',
155 silly addNameRange     '1.0.0',
155 silly addNameRange     '1.1.0',
155 silly addNameRange     '1.1.1',
155 silly addNameRange     '1.1.2',
155 silly addNameRange     '1.2.0',
155 silly addNameRange     '1.3.0',
155 silly addNameRange     '1.4.0',
155 silly addNameRange     '1.4.1',
155 silly addNameRange     '1.5.0',
155 silly addNameRange     '1.4.2',
155 silly addNameRange     '1.4.3',
155 silly addNameRange     '1.5.1',
155 silly addNameRange     '1.5.2',
155 silly addNameRange     '1.6.0',
155 silly addNameRange     '1.5.3',
155 silly addNameRange     '1.6.1',
155 silly addNameRange     '1.6.2',
155 silly addNameRange     '1.7.0',
155 silly addNameRange     '1.8.0',
155 silly addNameRange     '1.8.1',
155 silly addNameRange     '1.8.2',
155 silly addNameRange     '1.8.3',
155 silly addNameRange     '1.8.4',
155 silly addNameRange     '1.9.0',
155 silly addNameRange     '2.0.0',
155 silly addNameRange     '2.0.1',
155 silly addNameRange     '2.0.2',
155 silly addNameRange     '2.0.3',
155 silly addNameRange     '2.0.4',
155 silly addNameRange     '2.0.5',
155 silly addNameRange     '2.0.6',
155 silly addNameRange     '2.0.7',
155 silly addNameRange     '2.0.8',
155 silly addNameRange     '2.0.9',
155 silly addNameRange     '2.1.0',
155 silly addNameRange     '2.2.0',
155 silly addNameRange     '2.2.1',
155 silly addNameRange     '2.3.0',
155 silly addNameRange     '2.3.1',
155 silly addNameRange     '2.3.2',
155 silly addNameRange     '2.3.3',
155 silly addNameRange     '2.3.4',
155 silly addNameRange     '2.3.5',
155 silly addNameRange     '2.4.0' ] ]
156 silly addNamed nan@2.4.0
157 verbose addNamed "2.4.0" is a plain semver version for nan
158 silly mapToRegistry name nan
159 silly mapToRegistry using default registry
160 silly mapToRegistry registry https://registry.npmjs.org/
161 silly mapToRegistry data Result {
161 silly mapToRegistry   raw: 'nan',
161 silly mapToRegistry   scope: null,
161 silly mapToRegistry   escapedName: 'nan',
161 silly mapToRegistry   name: 'nan',
161 silly mapToRegistry   rawSpec: '',
161 silly mapToRegistry   spec: 'latest',
161 silly mapToRegistry   type: 'tag' }
162 silly mapToRegistry uri https://registry.npmjs.org/nan
163 verbose addRemoteTarball https://registry.npmjs.org/nan/-/nan-2.4.0.tgz not in flight; adding
164 verbose addRemoteTarball [ 'https://registry.npmjs.org/nan/-/nan-2.4.0.tgz',
164 verbose addRemoteTarball   'fb3c59d45fe4effe215f0b890f8adf6eb32d2232' ]
165 info retry fetch attempt 1 at 12:50:42 AM
166 info attempt registry request try #1 at 12:50:42 AM
167 http fetch GET https://registry.npmjs.org/nan/-/nan-2.4.0.tgz
168 http fetch 200 https://registry.npmjs.org/nan/-/nan-2.4.0.tgz
169 silly fetchAndShaCheck shasum fb3c59d45fe4effe215f0b890f8adf6eb32d2232
170 verbose addTmpTarball /var/folders/w6/z_7p10bn4pg41vl3dsyzqcth0000gn/T/npm-36576-43ff3d20/registry.npmjs.org/nan/-/nan-2.4.0.tgz not in flight; adding
171 verbose addTmpTarball already have metadata; skipping unpack for nan@2.4.0
172 verbose correctMkdir /Users/lian/.npm correctMkdir not in flight; initializing
173 silly cache afterAdd nan@2.4.0
174 verbose afterAdd /Users/lian/.npm/nan/2.4.0/package/package.json not in flight; writing
175 verbose correctMkdir /Users/lian/.npm correctMkdir not in flight; initializing
176 verbose afterAdd /Users/lian/.npm/nan/2.4.0/package/package.json written
177 silly loadAllDepsIntoIdealTree Finishing
178 silly loadIdealTree Finishing
179 silly currentTree lian
179 silly currentTree ├── ar-drone@0.3.3
179 silly currentTree ├── arguments-extended@0.0.3
179 silly currentTree ├── array-extended@0.0.11
179 silly currentTree ├── buffy@0.0.4
179 silly currentTree ├── date-extended@0.0.6
179 silly currentTree ├── declare.js@0.0.8
179 silly currentTree ├── extended@0.0.6
179 silly currentTree ├── extender@0.0.10
179 silly currentTree ├── fast-csv@2.3.0
179 silly currentTree ├── is-extended@0.0.10
179 silly currentTree ├── object-extended@0.0.7
179 silly currentTree ├── simple-debug@1.1.2
179 silly currentTree └── string-extended@0.0.8
180 silly idealTree lian
180 silly idealTree ├── ar-drone@0.3.3
180 silly idealTree ├── arguments-extended@0.0.3
180 silly idealTree ├── array-extended@0.0.11
180 silly idealTree ├── buffy@0.0.4
180 silly idealTree ├── canvas@1.2.11
180 silly idealTree ├── color-thief@2.2.2
180 silly idealTree ├── date-extended@0.0.6
180 silly idealTree ├── declare.js@0.0.8
180 silly idealTree ├── extended@0.0.6
180 silly idealTree ├── extender@0.0.10
180 silly idealTree ├── fast-csv@2.3.0
180 silly idealTree ├── is-extended@0.0.10
180 silly idealTree ├── nan@2.4.0
180 silly idealTree ├── object-extended@0.0.7
180 silly idealTree ├── simple-debug@1.1.2
180 silly idealTree └── string-extended@0.0.8
181 silly generateActionsToTake Starting
182 silly install generateActionsToTake
183 silly generateActionsToTake Finishing
184 silly diffTrees action count 3
185 silly diffTrees add nan@2.4.0
186 silly diffTrees add canvas@1.2.11
187 silly diffTrees add color-thief@2.2.2
188 silly decomposeActions action count 24
189 silly decomposeActions fetch nan@2.4.0
190 silly decomposeActions extract nan@2.4.0
191 silly decomposeActions test nan@2.4.0
192 silly decomposeActions preinstall nan@2.4.0
193 silly decomposeActions build nan@2.4.0
194 silly decomposeActions install nan@2.4.0
195 silly decomposeActions postinstall nan@2.4.0
196 silly decomposeActions finalize nan@2.4.0
197 silly decomposeActions fetch canvas@1.2.11
198 silly decomposeActions extract canvas@1.2.11
199 silly decomposeActions test canvas@1.2.11
200 silly decomposeActions preinstall canvas@1.2.11
201 silly decomposeActions build canvas@1.2.11
202 silly decomposeActions install canvas@1.2.11
203 silly decomposeActions postinstall canvas@1.2.11
204 silly decomposeActions finalize canvas@1.2.11
205 silly decomposeActions fetch color-thief@2.2.2
206 silly decomposeActions extract color-thief@2.2.2
207 silly decomposeActions test color-thief@2.2.2
208 silly decomposeActions preinstall color-thief@2.2.2
209 silly decomposeActions build color-thief@2.2.2
210 silly decomposeActions install color-thief@2.2.2
211 silly decomposeActions postinstall color-thief@2.2.2
212 silly decomposeActions finalize color-thief@2.2.2
213 silly runTopLevelLifecycles Starting
214 silly executeActions Starting
215 silly install executeActions
216 silly doSerial global-install 0
217 silly doParallel fetch 3
218 verbose correctMkdir /Users/lian/.npm/_locks correctMkdir not in flight; initializing
219 verbose lock using /Users/lian/.npm/_locks/staging-342c14ecade69719.lock for /Users/lian/node_modules/.staging
220 silly doParallel extract 3
221 silly extract nan@2.4.0
222 silly extract canvas@1.2.11
223 silly extract color-thief@2.2.2
224 verbose unbuild node_modules/.staging/nan-47ed641d
225 verbose unbuild node_modules/.staging/canvas-d39640d9
226 verbose unbuild node_modules/.staging/color-thief-ec6de923
227 silly gentlyRm /Users/lian/node_modules/.staging/nan-47ed641d is being purged from base /Users/lian
228 verbose gentlyRm don't care about contents; nuking /Users/lian/node_modules/.staging/nan-47ed641d
229 silly gentlyRm /Users/lian/node_modules/.staging/canvas-d39640d9 is being purged from base /Users/lian
230 verbose gentlyRm don't care about contents; nuking /Users/lian/node_modules/.staging/canvas-d39640d9
231 silly gentlyRm /Users/lian/node_modules/.staging/color-thief-ec6de923 is being purged from base /Users/lian
232 verbose gentlyRm don't care about contents; nuking /Users/lian/node_modules/.staging/color-thief-ec6de923
233 verbose tar unpack /Users/lian/.npm/nan/2.4.0/package.tgz
234 verbose tar unpacking to /Users/lian/node_modules/.staging/nan-47ed641d
235 silly gentlyRm /Users/lian/node_modules/.staging/nan-47ed641d is being purged
236 verbose gentlyRm don't care about contents; nuking /Users/lian/node_modules/.staging/nan-47ed641d
237 verbose tar unpack /Users/lian/.npm/canvas/1.2.11/package.tgz
238 verbose tar unpacking to /Users/lian/node_modules/.staging/canvas-d39640d9
239 silly gentlyRm /Users/lian/node_modules/.staging/canvas-d39640d9 is being purged
240 verbose gentlyRm don't care about contents; nuking /Users/lian/node_modules/.staging/canvas-d39640d9
241 verbose tar unpack /Users/lian/.npm/color-thief/2.2.2/package.tgz
242 verbose tar unpacking to /Users/lian/node_modules/.staging/color-thief-ec6de923
243 silly gentlyRm /Users/lian/node_modules/.staging/color-thief-ec6de923 is being purged
244 verbose gentlyRm don't care about contents; nuking /Users/lian/node_modules/.staging/color-thief-ec6de923
245 silly gunzTarPerm modes [ '755', '644' ]
246 silly gunzTarPerm modes [ '755', '644' ]
247 silly gunzTarPerm modes [ '755', '644' ]
248 silly gunzTarPerm extractEntry package.json
249 silly gunzTarPerm modified mode [ 'package.json', 436, 420 ]
250 silly gunzTarPerm extractEntry package.json
251 silly gunzTarPerm extractEntry package.json
252 silly gunzTarPerm extractEntry README.md
253 silly gunzTarPerm modified mode [ 'README.md', 436, 420 ]
254 silly gunzTarPerm extractEntry include_dirs.js
255 silly gunzTarPerm modified mode [ 'include_dirs.js', 436, 420 ]
256 silly gunzTarPerm extractEntry .npmignore
257 silly gunzTarPerm extractEntry index.js
258 silly gunzTarPerm extractEntry .npmignore
259 silly gunzTarPerm extractEntry demo.js
260 silly gunzTarPerm extractEntry History.md
261 silly gunzTarPerm extractEntry Readme.md
262 silly gunzTarPerm extractEntry nan_callbacks_pre_12_inl.h
263 silly gunzTarPerm modified mode [ 'nan_callbacks_pre_12_inl.h', 436, 420 ]
264 silly gunzTarPerm extractEntry CHANGELOG.md
265 silly gunzTarPerm modified mode [ 'CHANGELOG.md', 436, 420 ]
266 silly gunzTarPerm extractEntry LICENSE.md
267 silly gunzTarPerm modified mode [ 'LICENSE.md', 436, 420 ]
268 silly gunzTarPerm extractEntry node-demo.js
269 silly gunzTarPerm extractEntry test/color-thief-test.js
270 silly gunzTarPerm extractEntry doc/node_misc.md
271 silly gunzTarPerm modified mode [ 'doc/node_misc.md', 436, 420 ]
272 silly gunzTarPerm extractEntry binding.gyp
273 silly gunzTarPerm extractEntry .gitmodules
274 silly gunzTarPerm extractEntry img/dark_checkered_bg.png
275 silly gunzTarPerm extractEntry img/drag_placeholder.png
276 silly gunzTarPerm extractEntry doc/asyncworker.md
277 silly gunzTarPerm modified mode [ 'doc/asyncworker.md', 436, 420 ]
278 silly gunzTarPerm extractEntry doc/callback.md
279 silly gunzTarPerm modified mode [ 'doc/callback.md', 436, 420 ]
280 silly gunzTarPerm extractEntry install
281 silly gunzTarPerm extractEntry lib/bindings.js
282 silly gunzTarPerm extractEntry img/photo1.jpg
283 silly gunzTarPerm extractEntry doc/converters.md
284 silly gunzTarPerm modified mode [ 'doc/converters.md', 436, 420 ]
285 silly gunzTarPerm extractEntry doc/errors.md
286 silly gunzTarPerm modified mode [ 'doc/errors.md', 436, 420 ]
287 silly gunzTarPerm extractEntry lib/canvas.js
288 silly gunzTarPerm extractEntry lib/context2d.js
289 silly gunzTarPerm extractEntry img/photo2.jpg
290 silly gunzTarPerm extractEntry doc/maybe_types.md
291 silly gunzTarPerm modified mode [ 'doc/maybe_types.md', 436, 420 ]
292 silly gunzTarPerm extractEntry doc/methods.md
293 silly gunzTarPerm modified mode [ 'doc/methods.md', 436, 420 ]
294 silly gunzTarPerm extractEntry lib/image.js
295 silly gunzTarPerm extractEntry lib/jpegstream.js
296 silly gunzTarPerm extractEntry doc/new.md
297 silly gunzTarPerm modified mode [ 'doc/new.md', 436, 420 ]
298 silly gunzTarPerm extractEntry img/photo3.jpg
299 silly gunzTarPerm extractEntry lib/pngstream.js
300 silly gunzTarPerm extractEntry .travis.yml
301 silly gunzTarPerm extractEntry doc/buffers.md
302 silly gunzTarPerm modified mode [ 'doc/buffers.md', 436, 420 ]
303 silly gunzTarPerm extractEntry doc/object_wrappers.md
304 silly gunzTarPerm modified mode [ 'doc/object_wrappers.md', 436, 420 ]
305 silly gunzTarPerm extractEntry README.markdown
306 silly gunzTarPerm extractEntry src/Image.cc
307 silly gunzTarPerm extractEntry src/Canvas.cc
308 silly gunzTarPerm extractEntry doc/persistent.md
309 silly gunzTarPerm modified mode [ 'doc/persistent.md', 436, 420 ]
310 silly gunzTarPerm extractEntry doc/scopes.md
311 silly gunzTarPerm modified mode [ 'doc/scopes.md', 436, 420 ]
312 silly gunzTarPerm extractEntry src/CanvasGradient.cc
313 silly gunzTarPerm extractEntry src/CanvasGradient.h
314 silly gunzTarPerm extractEntry js/color-thief.js
315 silly gunzTarPerm extractEntry js/libs/jquery-2.0.2.min.js
316 silly gunzTarPerm extractEntry js/libs/jquery.lettering.js
317 silly gunzTarPerm extractEntry doc/script.md
318 silly gunzTarPerm modified mode [ 'doc/script.md', 436, 420 ]
319 silly gunzTarPerm extractEntry doc/string_bytes.md
320 silly gunzTarPerm modified mode [ 'doc/string_bytes.md', 436, 420 ]
321 silly gunzTarPerm extractEntry js/libs/modernizr.custom.js
322 silly gunzTarPerm extractEntry src/CanvasPattern.cc
323 silly gunzTarPerm extractEntry src/CanvasPattern.h
324 silly gunzTarPerm extractEntry doc/v8_internals.md
325 silly gunzTarPerm modified mode [ 'doc/v8_internals.md', 436, 420 ]
326 silly gunzTarPerm extractEntry doc/v8_misc.md
327 silly gunzTarPerm modified mode [ 'doc/v8_misc.md', 436, 420 ]
328 silly gunzTarPerm extractEntry js/libs/mustache.js
329 silly gunzTarPerm extractEntry component.json
330 silly gunzTarPerm extractEntry css/app.css
331 silly gunzTarPerm extractEntry src/CanvasRenderingContext2d.cc
332 silly gunzTarPerm extractEntry src/CanvasRenderingContext2d.h
333 silly gunzTarPerm extractEntry sass/app.sass
334 silly gunzTarPerm extractEntry index.html
335 silly gunzTarPerm extractEntry nan.h
336 silly gunzTarPerm modified mode [ 'nan.h', 436, 420 ]
337 silly gunzTarPerm extractEntry nan_callbacks.h
338 silly gunzTarPerm modified mode [ 'nan_callbacks.h', 436, 420 ]
339 silly gunzTarPerm extractEntry src/FontFace.cc
340 silly gunzTarPerm extractEntry src/FontFace.h
341 silly gunzTarPerm extractEntry nan_callbacks_12_inl.h
342 silly gunzTarPerm modified mode [ 'nan_callbacks_12_inl.h', 436, 420 ]
343 silly gunzTarPerm extractEntry nan_converters.h
344 silly gunzTarPerm modified mode [ 'nan_converters.h', 436, 420 ]
345 silly gunzTarPerm extractEntry nan_converters_43_inl.h
346 silly gunzTarPerm modified mode [ 'nan_converters_43_inl.h', 436, 420 ]
347 silly gunzTarPerm extractEntry nan_converters_pre_43_inl.h
348 silly gunzTarPerm modified mode [ 'nan_converters_pre_43_inl.h', 436, 420 ]
349 silly gunzTarPerm extractEntry src/Canvas.h
350 silly gunzTarPerm extractEntry src/Image.h
351 silly gunzTarPerm extractEntry nan_implementation_12_inl.h
352 silly gunzTarPerm modified mode [ 'nan_implementation_12_inl.h', 436, 420 ]
353 silly gunzTarPerm extractEntry nan_implementation_pre_12_inl.h
354 silly gunzTarPerm modified mode [ 'nan_implementation_pre_12_inl.h', 436, 420 ]
355 silly gunzTarPerm extractEntry nan_maybe_43_inl.h
356 silly gunzTarPerm modified mode [ 'nan_maybe_43_inl.h', 436, 420 ]
357 silly gunzTarPerm extractEntry nan_maybe_pre_43_inl.h
358 silly gunzTarPerm modified mode [ 'nan_maybe_pre_43_inl.h', 436, 420 ]
359 silly gunzTarPerm extractEntry src/ImageData.cc
360 silly gunzTarPerm extractEntry src/ImageData.h
361 silly gunzTarPerm extractEntry src/JPEGStream.h
362 silly gunzTarPerm extractEntry src/PNG.h
363 silly gunzTarPerm extractEntry nan_new.h
364 silly gunzTarPerm modified mode [ 'nan_new.h', 436, 420 ]
365 silly gunzTarPerm extractEntry nan_object_wrap.h
366 silly gunzTarPerm modified mode [ 'nan_object_wrap.h', 436, 420 ]
367 silly gunzTarPerm extractEntry src/Point.h
368 silly gunzTarPerm extractEntry src/closure.h
369 silly gunzTarPerm extractEntry src/color.cc
370 silly gunzTarPerm extractEntry nan_persistent_12_inl.h
371 silly gunzTarPerm modified mode [ 'nan_persistent_12_inl.h', 436, 420 ]
372 silly gunzTarPerm extractEntry nan_persistent_pre_12_inl.h
373 silly gunzTarPerm modified mode [ 'nan_persistent_pre_12_inl.h', 436, 420 ]
374 silly gunzTarPerm extractEntry src/color.h
375 silly gunzTarPerm extractEntry nan_string_bytes.h
376 silly gunzTarPerm modified mode [ 'nan_string_bytes.h', 436, 420 ]
377 silly gunzTarPerm extractEntry nan_typedarray_contents.h
378 silly gunzTarPerm modified mode [ 'nan_typedarray_contents.h', 436, 420 ]
379 silly gunzTarPerm extractEntry src/init.cc
380 silly gunzTarPerm extractEntry util/cairo_include.sh
381 silly gunzTarPerm extractEntry nan_weak.h
382 silly gunzTarPerm modified mode [ 'nan_weak.h', 436, 420 ]
383 silly gunzTarPerm extractEntry tools/package.json
384 silly gunzTarPerm modified mode [ 'tools/package.json', 436, 420 ]
385 silly gunzTarPerm extractEntry util/has_cairo_freetype.sh
386 silly gunzTarPerm extractEntry util/has_lib.sh
387 silly gunzTarPerm extractEntry tools/README.md
388 silly gunzTarPerm modified mode [ 'tools/README.md', 436, 420 ]
389 silly gunzTarPerm extractEntry tools/1to2.js
390 silly gunzTarPerm modified mode [ 'tools/1to2.js', 509, 493 ]
391 silly gunzTarPerm extractEntry util/lib_lookup.sh
392 silly gentlyRm /Users/lian/node_modules/.staging/color-thief-ec6de923/node_modules is being purged
393 verbose gentlyRm don't care about contents; nuking /Users/lian/node_modules/.staging/color-thief-ec6de923/node_modules
394 silly gentlyRm /Users/lian/node_modules/.staging/canvas-d39640d9/node_modules is being purged
395 verbose gentlyRm don't care about contents; nuking /Users/lian/node_modules/.staging/canvas-d39640d9/node_modules
396 silly gentlyRm /Users/lian/node_modules/.staging/nan-47ed641d/node_modules is being purged
397 verbose gentlyRm don't care about contents; nuking /Users/lian/node_modules/.staging/nan-47ed641d/node_modules
398 silly doParallel preinstall 3
399 silly preinstall nan@2.4.0 /Users/lian/node_modules/.staging/nan-47ed641d
400 info lifecycle nan@2.4.0~preinstall: nan@2.4.0
401 silly preinstall canvas@1.2.11 /Users/lian/node_modules/.staging/canvas-d39640d9
402 info lifecycle canvas@1.2.11~preinstall: canvas@1.2.11
403 silly preinstall color-thief@2.2.2 /Users/lian/node_modules/.staging/color-thief-ec6de923
404 info lifecycle color-thief@2.2.2~preinstall: color-thief@2.2.2
405 silly lifecycle nan@2.4.0~preinstall: no script for preinstall, continuing
406 silly lifecycle canvas@1.2.11~preinstall: no script for preinstall, continuing
407 silly lifecycle color-thief@2.2.2~preinstall: no script for preinstall, continuing
408 silly doReverseSerial remove 0
409 silly doSerial move 0
410 silly doSerial finalize 3
411 silly finalize /Users/lian/node_modules/nan
412 silly finalize /Users/lian/node_modules/canvas
413 silly finalize /Users/lian/node_modules/color-thief
414 silly doSerial build 3
415 silly build nan@2.4.0
416 info linkStuff nan@2.4.0
417 silly linkStuff nan@2.4.0 has /Users/lian/node_modules as its parent node_modules
418 verbose linkBins nan@2.4.0
419 verbose linkMans nan@2.4.0
420 silly build canvas@1.2.11
421 info linkStuff canvas@1.2.11
422 silly linkStuff canvas@1.2.11 has /Users/lian/node_modules as its parent node_modules
423 verbose linkBins canvas@1.2.11
424 verbose linkMans canvas@1.2.11
425 silly build color-thief@2.2.2
426 info linkStuff color-thief@2.2.2
427 silly linkStuff color-thief@2.2.2 has /Users/lian/node_modules as its parent node_modules
428 verbose linkBins color-thief@2.2.2
429 verbose linkMans color-thief@2.2.2
430 silly doSerial global-link 0
431 silly doParallel update-linked 0
432 silly doSerial install 3
433 silly install nan@2.4.0 /Users/lian/node_modules/.staging/nan-47ed641d
434 info lifecycle nan@2.4.0~install: nan@2.4.0
435 silly lifecycle nan@2.4.0~install: no script for install, continuing
436 silly install canvas@1.2.11 /Users/lian/node_modules/.staging/canvas-d39640d9
437 info lifecycle canvas@1.2.11~install: canvas@1.2.11
438 verbose lifecycle canvas@1.2.11~install: unsafe-perm in lifecycle true
439 verbose lifecycle canvas@1.2.11~install: PATH: /usr/local/lib/node_modules/npm/bin/node-gyp-bin:/Users/lian/node_modules/canvas/node_modules/.bin:/Users/lian/node_modules/.bin:/usr/local/Cellar/node/7.0.0/bin:/usr/local/bin:/usr/bin:/bin:/usr/sbin:/sbin:/usr/local/share/dotnet
440 verbose lifecycle canvas@1.2.11~install: CWD: /Users/lian/node_modules/canvas
441 silly lifecycle canvas@1.2.11~install: Args: [ '-c', 'node-gyp rebuild' ]
442 silly lifecycle canvas@1.2.11~install: Returned: code: 1  signal: null
443 info lifecycle canvas@1.2.11~install: Failed to exec install script
444 verbose unlock done using /Users/lian/.npm/_locks/staging-342c14ecade69719.lock for /Users/lian/node_modules/.staging
445 silly rollbackFailedOptional Starting
446 silly rollbackFailedOptional Finishing
447 silly runTopLevelLifecycles Finishing
448 silly install printInstalled
449 warn enoent ENOENT: no such file or directory, open '/Users/lian/package.json'
450 verbose enoent ENOENT: no such file or directory, open '/Users/lian/package.json'
450 verbose enoent This is most likely not a problem with npm itself
450 verbose enoent and is related to npm not being able to find a file.
451 warn lian No description
452 verbose If you need help, you may report this error at:
452 verbose     <https://github.com/npm/npm/issues>
453 warn lian No repository field.
454 verbose If you need help, you may report this error at:
454 verbose     <https://github.com/npm/npm/issues>
455 warn lian No README data
456 verbose If you need help, you may report this error at:
456 verbose     <https://github.com/npm/npm/issues>
457 warn lian No license field.
458 verbose If you need help, you may report this error at:
458 verbose     <https://github.com/npm/npm/issues>
459 verbose stack Error: canvas@1.2.11 install: `node-gyp rebuild`
459 verbose stack Exit status 1
459 verbose stack     at EventEmitter.<anonymous> (/usr/local/lib/node_modules/npm/lib/utils/lifecycle.js:255:16)
459 verbose stack     at emitTwo (events.js:106:13)
459 verbose stack     at EventEmitter.emit (events.js:191:7)
459 verbose stack     at ChildProcess.<anonymous> (/usr/local/lib/node_modules/npm/lib/utils/spawn.js:40:14)
459 verbose stack     at emitTwo (events.js:106:13)
459 verbose stack     at ChildProcess.emit (events.js:191:7)
459 verbose stack     at maybeClose (internal/child_process.js:877:16)
459 verbose stack     at Process.ChildProcess._handle.onexit (internal/child_process.js:226:5)
460 verbose pkgid canvas@1.2.11
461 verbose cwd /Users/lian/Desktop
462 error Darwin 16.1.0
463 error argv "/usr/local/Cellar/node/7.0.0/bin/node" "/usr/local/bin/npm" "install" "color-thief"
464 error node v7.0.0
465 error npm  v3.10.8
466 error code ELIFECYCLE
467 error canvas@1.2.11 install: `node-gyp rebuild`
467 error Exit status 1
468 error Failed at the canvas@1.2.11 install script 'node-gyp rebuild'.
468 error Make sure you have the latest version of node.js and npm installed.
468 error If you do, this is most likely a problem with the canvas package,
468 error not with npm itself.
468 error Tell the author that this fails on your system:
468 error     node-gyp rebuild
468 error You can get information on how to open an issue for this project with:
468 error     npm bugs canvas
468 error Or if that isn't available, you can get their info via:
468 error     npm owner ls canvas
468 error There is likely additional logging output above.
469 verbose exit [ 1, true ]
